\BOOKMARK [0][-]{chapter.1}{Parallel\137analysis}{}% 1
\BOOKMARK [1][-]{section.1.1}{Introduction}{chapter.1}% 2
\BOOKMARK [1][-]{section.1.2}{Usage}{chapter.1}% 3
\BOOKMARK [1][-]{section.1.3}{Some details of the Algorithm}{chapter.1}% 4
\BOOKMARK [0][-]{chapter.2}{Modify\137Coor}{}% 5
\BOOKMARK [1][-]{section.2.1}{Introduction}{chapter.2}% 6
\BOOKMARK [1][-]{section.2.2}{Usage}{chapter.2}% 7
\BOOKMARK [1][-]{section.2.3}{Some Detials}{chapter.2}% 8
\BOOKMARK [0][-]{chapter.3}{Trj\137modify}{}% 9
\BOOKMARK [1][-]{section.3.1}{Introduction}{chapter.3}% 10
\BOOKMARK [1][-]{section.3.2}{Usage}{chapter.3}% 11
\BOOKMARK [1][-]{section.3.3}{Some detials of the Algorithm}{chapter.3}% 12
\BOOKMARK [0][-]{chapter.4}{Least squares fitting procedures}{}% 13
\BOOKMARK [1][-]{section.4.1}{Algorithm}{chapter.4}% 14
\BOOKMARK [0][-]{chapter.5}{File format list}{}% 15
\BOOKMARK [1][-]{section.5.1}{PDB}{chapter.5}% 16
\BOOKMARK [1][-]{section.5.2}{PQR}{chapter.5}% 17
\BOOKMARK [1][-]{section.5.3}{GRO}{chapter.5}% 18
\BOOKMARK [1][-]{section.5.4}{XYZ}{chapter.5}% 19
\BOOKMARK [1][-]{section.5.5}{amber TOP}{chapter.5}% 20
\BOOKMARK [1][-]{section.5.6}{amber CRD}{chapter.5}% 21
\BOOKMARK [0][-]{chapter.6}{The modules of MDPackage}{}% 22
\BOOKMARK [1][-]{section.6.1}{atomlib}{chapter.6}% 23
\BOOKMARK [0][-]{chapter.7}{Change log}{}% 24
\BOOKMARK [1][-]{section.7.1}{version 0.1.0}{chapter.7}% 25
\BOOKMARK [0][-]{chapter.8}{Indices and tables}{}% 26
